<?xml version="1.0" encoding="UTF-8"?>
<testsuite xmlns:xsi="http://www.w3.org/2001/XMLSchema-instance" xsi:noNamespaceSchemaLocation="https://maven.apache.org/surefire/maven-surefire-plugin/xsd/surefire-test-report-3.0.xsd" version="3.0" name="cqu.studentgradesystem.GradeAnalyserTest" time="0.034" tests="4" errors="0" skipped="0" failures="0">
  <properties>
[...]
</properties>
  <testcase name="testFindReturnsCorrectStudent" classname="cqu.studentgradesystem.GradeAnalyserTest" time="0.016"/>
  <testcase name="testFindReturnsNullIfNotFound" classname="cqu.studentgradesystem.GradeAnalyserTest" time="0.001"/>
  <testcase name="testHashMapIsInitializedProperly" classname="cqu.studentgradesystem.GradeAnalyserTest" time="0.001"/>
  <testcase name="testGetOrderedListReturnsCorrectOrder" classname="cqu.studentgradesystem.GradeAnalyserTest" time="0.001"/>
</testsuite>